<?xml version="1.0" encoding="UTF-8"?>
<!-- Generated by org.testng.reporters.JUnitXMLReporter -->
<testsuite hostname="EN911217" ignored="0" tests="14" failures="0" timestamp="2021-09-02T22:34:03 COT" time="25.591" errors="0">
  <testcase name="loginInvalid" time="14.29" classname="AuthenticationTests"/>
  <testcase name="loginInvalid" time="0.661" classname="AuthenticationTests"/>
  <testcase name="loginSuccessful" time="0.747" classname="AuthenticationTests"/>
  <testcase name="addMovieToList" time="1.555" classname="ListTests"/>
  <testcase name="addMovieToList" time="0.95" classname="ListTests"/>
  <testcase name="clearList" time="1.217" classname="ListTests"/>
  <testcase name="clearList" time="1.347" classname="ListTests"/>
  <testcase name="createList" time="0.276" classname="ListTests"/>
  <testcase name="createList" time="0.308" classname="ListTests"/>
  <testcase name="deleteList" time="0.811" classname="ListTests"/>
  <testcase name="deleteList" time="0.794" classname="ListTests"/>
  <testcase name="getDetailsOfList" time="0.227" classname="ListTests"/>
  <testcase name="getDetailsOfMovie" time="0.168" classname="MovieTests"/>
  <testcase name="rateMovie" time="0.231" classname="MovieTests"/>
</testsuite>
