<?xml version="1.0" encoding="UTF-8"?>
<!-- Generated by org.testng.reporters.JUnitXMLReporter -->
<testsuite hostname="EN911217" ignored="0" tests="10" failures="0" timestamp="2021-09-02T16:56:17 COT" time="23.062" errors="0">
  <testcase name="loginInvalid" time="14.048" classname="AuthenticationTests"/>
  <testcase name="loginInvalid" time="0.625" classname="AuthenticationTests"/>
  <testcase name="loginSuccessful" time="0.912" classname="AuthenticationTests"/>
  <testcase name="addMovieToList" time="0.862" classname="ListTests"/>
  <testcase name="addMovieToList" time="0.898" classname="ListTests"/>
  <testcase name="clearList" time="1.207" classname="ListTests"/>
  <testcase name="clearList" time="1.253" classname="ListTests"/>
  <testcase name="createList" time="0.258" classname="ListTests"/>
  <testcase name="createList" time="0.301" classname="ListTests"/>
  <testcase name="getDetailsOfList" time="0.234" classname="ListTests"/>
</testsuite>
