<?xml version="1.0" encoding="UTF-8"?>
<testng-results skipped="0" failed="0" ignored="0" total="10" passed="10">
  <reporter-output>
  </reporter-output>
  <suite name="API Challenge" duration-ms="23062" started-at="2021-09-02T16:55:54 COT" finished-at="2021-09-02T16:56:17 COT">
    <groups>
    </groups>
    <test name="Suit" duration-ms="23062" started-at="2021-09-02T16:55:54 COT" finished-at="2021-09-02T16:56:17 COT">
      <class name="AuthenticationTests">
        <test-method status="PASS" signature="loginInvalid(java.lang.String,java.lang.String)[pri:0, instance:AuthenticationTests@57e2d15c]" name="loginInvalid" duration-ms="14048" started-at="2021-09-02T16:55:56 COT" data-provider="InvalidCredentials" finished-at="2021-09-02T16:56:10 COT">
          <params>
            <param index="0">
              <value>
                <![CDATA[juankg214]]>
              </value>
            </param>
            <param index="1">
              <value>
                <![CDATA[lapiz452]]>
              </value>
            </param>
          </params>
          <reporter-output>
          </reporter-output>
        </test-method> <!-- loginInvalid -->
        <test-method status="PASS" signature="loginInvalid(java.lang.String,java.lang.String)[pri:0, instance:AuthenticationTests@57e2d15c]" name="loginInvalid" duration-ms="625" started-at="2021-09-02T16:56:10 COT" data-provider="InvalidCredentials" finished-at="2021-09-02T16:56:11 COT">
          <params>
            <param index="0">
              <value>
                <![CDATA[juankg215]]>
              </value>
            </param>
            <param index="1">
              <value>
                <![CDATA[lapiz453]]>
              </value>
            </param>
          </params>
          <reporter-output>
          </reporter-output>
        </test-method> <!-- loginInvalid -->
        <test-method status="PASS" signature="loginSuccessful(java.lang.String,java.lang.String)[pri:0, instance:AuthenticationTests@57e2d15c]" name="loginSuccessful" duration-ms="912" started-at="2021-09-02T16:56:11 COT" data-provider="ValidCredentials" finished-at="2021-09-02T16:56:11 COT">
          <params>
            <param index="0">
              <value>
                <![CDATA[juankg214]]>
              </value>
            </param>
            <param index="1">
              <value>
                <![CDATA[lapiz453]]>
              </value>
            </param>
          </params>
          <reporter-output>
          </reporter-output>
        </test-method> <!-- loginSuccessful -->
      </class> <!-- AuthenticationTests -->
      <class name="ListTests">
        <test-method status="PASS" signature="setup()[pri:0, instance:ListTests@4b158e16]" name="setup" is-config="true" duration-ms="703" started-at="2021-09-02T16:56:11 COT" finished-at="2021-09-02T16:56:12 COT">
          <reporter-output>
          </reporter-output>
        </test-method> <!-- setup -->
        <test-method status="PASS" signature="addMovieToList(java.lang.String,java.lang.String,java.lang.String)[pri:0, instance:ListTests@4b158e16]" name="addMovieToList" duration-ms="862" started-at="2021-09-02T16:56:12 COT" data-provider="ListValid" finished-at="2021-09-02T16:56:13 COT">
          <params>
            <param index="0">
              <value>
                <![CDATA[AnimeList]]>
              </value>
            </param>
            <param index="1">
              <value>
                <![CDATA[DBZ, NARUTO]]>
              </value>
            </param>
            <param index="2">
              <value>
                <![CDATA[JN]]>
              </value>
            </param>
          </params>
          <reporter-output>
          </reporter-output>
        </test-method> <!-- addMovieToList -->
        <test-method status="PASS" signature="addMovieToList(java.lang.String,java.lang.String,java.lang.String)[pri:0, instance:ListTests@4b158e16]" name="addMovieToList" duration-ms="898" started-at="2021-09-02T16:56:13 COT" data-provider="ListValid" finished-at="2021-09-02T16:56:14 COT">
          <params>
            <param index="0">
              <value>
                <![CDATA[NovelasList]]>
              </value>
            </param>
            <param index="1">
              <value>
                <![CDATA[PasionDeGavilanes]]>
              </value>
            </param>
            <param index="2">
              <value>
                <![CDATA[ES]]>
              </value>
            </param>
          </params>
          <reporter-output>
          </reporter-output>
        </test-method> <!-- addMovieToList -->
        <test-method status="PASS" signature="clearList(java.lang.String,java.lang.String,java.lang.String)[pri:0, instance:ListTests@4b158e16]" name="clearList" duration-ms="1207" started-at="2021-09-02T16:56:14 COT" data-provider="ListValid" finished-at="2021-09-02T16:56:15 COT">
          <params>
            <param index="0">
              <value>
                <![CDATA[AnimeList]]>
              </value>
            </param>
            <param index="1">
              <value>
                <![CDATA[DBZ, NARUTO]]>
              </value>
            </param>
            <param index="2">
              <value>
                <![CDATA[JN]]>
              </value>
            </param>
          </params>
          <reporter-output>
          </reporter-output>
        </test-method> <!-- clearList -->
        <test-method status="PASS" signature="clearList(java.lang.String,java.lang.String,java.lang.String)[pri:0, instance:ListTests@4b158e16]" name="clearList" duration-ms="1253" started-at="2021-09-02T16:56:15 COT" data-provider="ListValid" finished-at="2021-09-02T16:56:16 COT">
          <params>
            <param index="0">
              <value>
                <![CDATA[NovelasList]]>
              </value>
            </param>
            <param index="1">
              <value>
                <![CDATA[PasionDeGavilanes]]>
              </value>
            </param>
            <param index="2">
              <value>
                <![CDATA[ES]]>
              </value>
            </param>
          </params>
          <reporter-output>
          </reporter-output>
        </test-method> <!-- clearList -->
        <test-method status="PASS" signature="createList(java.lang.String,java.lang.String,java.lang.String)[pri:0, instance:ListTests@4b158e16]" name="createList" duration-ms="258" started-at="2021-09-02T16:56:16 COT" data-provider="ListValid" finished-at="2021-09-02T16:56:17 COT">
          <params>
            <param index="0">
              <value>
                <![CDATA[AnimeList]]>
              </value>
            </param>
            <param index="1">
              <value>
                <![CDATA[DBZ, NARUTO]]>
              </value>
            </param>
            <param index="2">
              <value>
                <![CDATA[JN]]>
              </value>
            </param>
          </params>
          <reporter-output>
          </reporter-output>
        </test-method> <!-- createList -->
        <test-method status="PASS" signature="createList(java.lang.String,java.lang.String,java.lang.String)[pri:0, instance:ListTests@4b158e16]" name="createList" duration-ms="301" started-at="2021-09-02T16:56:17 COT" data-provider="ListValid" finished-at="2021-09-02T16:56:17 COT">
          <params>
            <param index="0">
              <value>
                <![CDATA[NovelasList]]>
              </value>
            </param>
            <param index="1">
              <value>
                <![CDATA[PasionDeGavilanes]]>
              </value>
            </param>
            <param index="2">
              <value>
                <![CDATA[ES]]>
              </value>
            </param>
          </params>
          <reporter-output>
          </reporter-output>
        </test-method> <!-- createList -->
        <test-method status="PASS" signature="getDetailsOfList(java.lang.String,java.lang.String)[pri:0, instance:ListTests@4b158e16]" name="getDetailsOfList" duration-ms="234" started-at="2021-09-02T16:56:17 COT" data-provider="ListDetails" finished-at="2021-09-02T16:56:17 COT">
          <params>
            <param index="0">
              <value>
                <![CDATA[7105904]]>
              </value>
            </param>
            <param index="1">
              <value>
                <![CDATA[juankg214]]>
              </value>
            </param>
          </params>
          <reporter-output>
          </reporter-output>
        </test-method> <!-- getDetailsOfList -->
      </class> <!-- ListTests -->
    </test> <!-- Suit -->
  </suite> <!-- API Challenge -->
</testng-results>
