<?xml version="1.0" encoding="UTF-8"?>
<testsuite xmlns:xsi="http://www.w3.org/2001/XMLSchema-instance" xsi:noNamespaceSchemaLocation="https://maven.apache.org/surefire/maven-surefire-plugin/xsd/surefire-test-report-3.0.xsd" version="3.0" name="TestSuite" time="20.416" tests="11" errors="0" skipped="0" failures="0">
  <properties>
[...]
</properties>
  <testcase name="loginInvalid[juankg214, lapiz452](1)" classname="AuthenticationTests" time="10.297">
    <system-out><![CDATA[2021-09-01 11:48:35 INFO  AuthenticationTests:24 - loginInvalid Test
2021-09-01 11:48:36 INFO  AuthenticationValidator:22 - Get Request Token
2021-09-01 11:48:45 INFO  AuthenticationValidator:31 - Authenticate credentials 14eacc5f0063eb0d1d84ba8a5ac1cb3dd9443864
]]></system-out>
    <system-err><![CDATA[SLF4J: Failed to load class "org.slf4j.impl.StaticLoggerBinder".
SLF4J: Defaulting to no-operation (NOP) logger implementation
SLF4J: See http://www.slf4j.org/codes.html#StaticLoggerBinder for further details.
]]></system-err>
  </testcase>
  <testcase name="loginInvalid[juankg215, lapiz453](2)" classname="AuthenticationTests" time="0.515">
    <system-out><![CDATA[2021-09-01 11:48:46 INFO  AuthenticationTests:24 - loginInvalid Test
2021-09-01 11:48:46 INFO  AuthenticationValidator:22 - Get Request Token
2021-09-01 11:48:46 INFO  AuthenticationValidator:31 - Authenticate credentials 1fb83265077ac6f6ed2a535d4b27b9ed3080f78c
]]></system-out>
  </testcase>
  <testcase name="loginSuccessful[juankg214, lapiz453](1)" classname="AuthenticationTests" time="0.941">
    <system-out><![CDATA[2021-09-01 11:48:46 INFO  AuthenticationTests:16 - loginSuccessful Test
2021-09-01 11:48:46 INFO  AuthenticationValidator:22 - Get Request Token
2021-09-01 11:48:47 INFO  AuthenticationValidator:31 - Authenticate credentials 93fcd5b99bc57984cb7fd8330d1ddf32304dbdc0
2021-09-01 11:48:47 INFO  AuthenticationValidator:45 - Get session ID 
]]></system-out>
  </testcase>
  <testcase name="addMovieToList[AnimeList, DBZ, NARUTO, JN](1)" classname="ListCreation" time="1.326">
    <system-out><![CDATA[2021-09-01 11:48:47 INFO  ListCreation:44 - Creating List ...
2021-09-01 11:48:47 INFO  Session:23 - Session not created
]]></system-out>
  </testcase>
  <testcase name="addMovieToList[NovelasList, PasionDeGavilanes, ES](2)" classname="ListCreation" time="0.534">
    <system-out><![CDATA[2021-09-01 11:48:49 INFO  ListCreation:44 - Creating List ...
]]></system-out>
  </testcase>
  <testcase name="addMovieToList[RapidoYFuriosoList, FamiliaList, EN](3)" classname="ListCreation" time="0.655">
    <system-out><![CDATA[2021-09-01 11:48:49 INFO  ListCreation:44 - Creating List ...
]]></system-out>
  </testcase>
  <testcase name="createListValid[AnimeList, DBZ, NARUTO, JN](1)" classname="ListCreation" time="0.258">
    <system-out><![CDATA[2021-09-01 11:48:50 INFO  ListCreation:22 - Creating List ...
2021-09-01 11:48:50 INFO  ListCreation:37 - juankg214
]]></system-out>
  </testcase>
  <testcase name="createListValid[NovelasList, PasionDeGavilanes, ES](2)" classname="ListCreation" time="0.266">
    <system-out><![CDATA[2021-09-01 11:48:50 INFO  ListCreation:22 - Creating List ...
2021-09-01 11:48:50 INFO  ListCreation:37 - juankg214
]]></system-out>
  </testcase>
  <testcase name="createListValid[RapidoYFuriosoList, FamiliaList, EN](3)" classname="ListCreation" time="0.284">
    <system-out><![CDATA[2021-09-01 11:48:50 INFO  ListCreation:22 - Creating List ...
2021-09-01 11:48:51 INFO  ListCreation:37 - juankg214
]]></system-out>
  </testcase>
  <testcase name="search[matrix, 9](1)" classname="Search" time="0.162">
    <system-out><![CDATA[2021-09-01 11:48:51 INFO  Search:19 - Starting search of matrix
]]></system-out>
  </testcase>
  <testcase name="search[terror, 14](2)" classname="Search" time="0.138">
    <system-out><![CDATA[2021-09-01 11:48:51 INFO  Search:19 - Starting search of terror
]]></system-out>
  </testcase>
</testsuite>