<?xml version="1.0" encoding="UTF-8"?>
<testsuite xmlns:xsi="http://www.w3.org/2001/XMLSchema-instance" xsi:noNamespaceSchemaLocation="https://maven.apache.org/surefire/maven-surefire-plugin/xsd/surefire-test-report-3.0.xsd" version="3.0" name="TestSuite" time="29.576" tests="14" errors="0" skipped="0" failures="0">
  <properties>
[...]
</properties>
  <testcase name="loginInvalid[juankg214, lapiz452](1)" classname="AuthenticationTests" time="14.331">
    <system-out><![CDATA[2021-09-02 22:33:39 INFO  AuthenticationTests:23 - Invalid Credentials Login ....
2021-09-02 22:33:39 INFO  AuthenticationValidator:20 - Get Request Token
2021-09-02 22:33:53 INFO  AuthenticationValidator:29 - Authenticate credentials 34622d598781a7dfe9231def777495a6cd6e35b9
]]></system-out>
  </testcase>
  <testcase name="loginInvalid[juankg215, lapiz453](2)" classname="AuthenticationTests" time="0.661">
    <system-out><![CDATA[2021-09-02 22:33:53 INFO  AuthenticationTests:23 - Invalid Credentials Login ....
2021-09-02 22:33:53 INFO  AuthenticationValidator:20 - Get Request Token
2021-09-02 22:33:54 INFO  AuthenticationValidator:29 - Authenticate credentials 6cf918451b768db81e5758bc6cea36fcfae05566
]]></system-out>
  </testcase>
  <testcase name="loginSuccessful[juankg214, lapiz453](1)" classname="AuthenticationTests" time="0.75">
    <system-out><![CDATA[2021-09-02 22:33:54 INFO  AuthenticationTests:15 - Valid Credentials Login ....
2021-09-02 22:33:54 INFO  AuthenticationValidator:20 - Get Request Token
2021-09-02 22:33:54 INFO  AuthenticationValidator:29 - Authenticate credentials 6cf918451b768db81e5758bc6cea36fcfae05566
2021-09-02 22:33:54 INFO  AuthenticationValidator:45 - Get session ID 
]]></system-out>
  </testcase>
  <testcase name="addMovieToList[AnimeList2, DBZ, NARUTO2, JN](1)" classname="ListTests" time="1.558">
    <system-out><![CDATA[2021-09-02 22:33:55 INFO  ListTests:44 - Add Movie to List Test Started ....
2021-09-02 22:33:56 INFO  ListTests:47 - List Created successfully
2021-09-02 22:33:56 INFO  ListTests:52 - Movie Added successfully
2021-09-02 22:33:56 INFO  ListTests:55 - Movie Showing in details ...
]]></system-out>
  </testcase>
  <testcase name="addMovieToList[NovelasList2, PasionDeGavilanes2, ES](2)" classname="ListTests" time="0.952">
    <system-out><![CDATA[2021-09-02 22:33:56 INFO  ListTests:44 - Add Movie to List Test Started ....
2021-09-02 22:33:57 INFO  ListTests:47 - List Created successfully
2021-09-02 22:33:57 INFO  ListTests:52 - Movie Added successfully
2021-09-02 22:33:57 INFO  ListTests:55 - Movie Showing in details ...
]]></system-out>
  </testcase>
  <testcase name="clearList[AnimeList2, DBZ, NARUTO2, JN](1)" classname="ListTests" time="1.22">
    <system-out><![CDATA[2021-09-02 22:33:57 INFO  ListTests:60 - Clear List Test Started ....
2021-09-02 22:33:58 INFO  ListTests:63 - List Created and Movie Added ...
2021-09-02 22:33:58 INFO  ListTests:64 - ID = 7106388
]]></system-out>
  </testcase>
  <testcase name="clearList[NovelasList2, PasionDeGavilanes2, ES](2)" classname="ListTests" time="1.349">
    <system-out><![CDATA[2021-09-02 22:33:58 INFO  ListTests:60 - Clear List Test Started ....
2021-09-02 22:33:59 INFO  ListTests:63 - List Created and Movie Added ...
2021-09-02 22:33:59 INFO  ListTests:64 - ID = 7106389
]]></system-out>
  </testcase>
  <testcase name="createList[AnimeList2, DBZ, NARUTO2, JN](1)" classname="ListTests" time="0.276">
    <system-out><![CDATA[2021-09-02 22:34:00 INFO  ListTests:24 - Creating List ...
]]></system-out>
  </testcase>
  <testcase name="createList[NovelasList2, PasionDeGavilanes2, ES](2)" classname="ListTests" time="0.308">
    <system-out><![CDATA[2021-09-02 22:34:00 INFO  ListTests:24 - Creating List ...
]]></system-out>
  </testcase>
  <testcase name="deleteList[AnimeList2, DBZ, NARUTO2, JN](1)" classname="ListTests" time="0.812">
    <system-out><![CDATA[2021-09-02 22:34:00 INFO  ListTests:76 - Delete List Test Started ....
2021-09-02 22:34:01 INFO  ListTests:79 - List Created  ...
2021-09-02 22:34:01 INFO  ListTests:80 - ID = 7106392
]]></system-out>
  </testcase>
  <testcase name="deleteList[NovelasList2, PasionDeGavilanes2, ES](2)" classname="ListTests" time="0.796">
    <system-out><![CDATA[2021-09-02 22:34:01 INFO  ListTests:76 - Delete List Test Started ....
2021-09-02 22:34:01 INFO  ListTests:79 - List Created  ...
2021-09-02 22:34:01 INFO  ListTests:80 - ID = 7106393
]]></system-out>
  </testcase>
  <testcase name="getDetailsOfList[7105904, juankg214](1)" classname="ListTests" time="0.228">
    <system-out><![CDATA[2021-09-02 22:34:02 INFO  ListTests:34 - Get Details of List Test Started...
]]></system-out>
  </testcase>
  <testcase name="getDetailsOfMovie[20, My Life Without Me, Drama](1)" classname="MovieTests" time="0.167"/>
  <testcase name="rateMovie[21, 4](1)" classname="MovieTests" time="0.231"/>
</testsuite>